\BOOKMARK [0][-]{section*.2}{\376\377\144\130\000\040\211\201}{}% 1
\BOOKMARK [0][-]{section*.4}{Abstract}{}% 2
\BOOKMARK [0][-]{section*.5}{\376\377\166\356\000\040\137\125}{}% 3
\BOOKMARK [0][-]{section*.7}{\376\377\126\376\137\142\122\027\210\150}{}% 4
\BOOKMARK [0][-]{section*.9}{\376\377\210\150\150\074\122\027\210\150}{}% 5
\BOOKMARK [0][-]{section*.12}{\376\377\173\046\123\367\116\016\177\051\121\231\122\027\210\150}{}% 6
\BOOKMARK [0][-]{chapter.1}{\376\377\173\054\0001\172\340\000\040\000\040\137\025\212\000}{}% 7
\BOOKMARK [1][-]{section.1.1}{\376\377\0001\000.\0001\000\040\153\146\126\150\166\356\150\007\122\006\221\115\225\356\230\230}{chapter.1}% 8
\BOOKMARK [2][-]{subsection.1.1.1}{\376\377\0001\000.\0001\000.\0001\000\040\227\131\140\001\153\146\126\150\166\356\150\007\122\006\221\115\225\356\230\230}{section.1.1}% 9
\BOOKMARK [2][-]{subsection.1.1.2}{\376\377\0001\000.\0001\000.\0002\000\040\122\250\140\001\153\146\126\150\166\356\150\007\122\006\221\115\225\356\230\230\116\016\131\032\117\134\142\030\121\103\175\040\166\204\153\146\126\150\166\356\150\007\122\006\221\115\225\356\230\230}{section.1.1}% 10
\BOOKMARK [1][-]{section.1.2}{\376\377\0001\000.\0002\000\040\230\204\131\007\167\345\213\306}{chapter.1}% 11
\BOOKMARK [2][-]{subsection.1.2.1}{\376\377\0001\000.\0002\000.\0001\000\040\145\164\145\160\211\304\122\022\225\356\230\230\116\016\122\006\145\057\133\232\165\114\154\102\211\343\150\106\147\266}{section.1.2}% 12
\BOOKMARK [2][-]{subsection.1.2.2}{\376\377\0001\000.\0002\000.\0002\000\040\122\027\165\037\142\020\145\271\154\325}{section.1.2}% 13
\BOOKMARK [2][-]{subsection.1.2.3}{\376\377\0001\000.\0002\000.\0003\000\040\131\026\220\074\217\321\145\271\154\325}{section.1.2}% 14
\BOOKMARK [1][-]{section.1.3}{\376\377\0001\000.\0003\000\040\147\054\145\207\116\073\211\201\135\345\117\134}{chapter.1}% 15
\BOOKMARK [0][-]{chapter.2}{\376\377\173\054\0002\172\340\000\040\000\040\153\146\126\150\166\356\150\007\122\006\221\115\225\356\230\230\123\312\127\372\147\054\154\102\211\343\145\271\154\325}{}% 16
\BOOKMARK [1][-]{section.2.1}{\376\377\0002\000.\0001\000\040\137\025\212\000}{chapter.2}% 17
\BOOKMARK [1][-]{section.2.2}{\376\377\0002\000.\0002\000\040\153\146\126\150\166\356\150\007\122\006\221\115\225\356\230\230\166\204\145\160\133\146\136\372\152\041}{chapter.2}% 18
\BOOKMARK [2][-]{subsection.2.2.1}{\376\377\0002\000.\0002\000.\0001\000\040\176\317\121\170\152\041\127\213\166\204\121\370\140\047\213\301\146\016}{section.2.2}% 19
\BOOKMARK [2][-]{subsection.2.2.2}{\376\377\0002\000.\0002\000.\0002\000\040\153\146\126\150\166\356\150\007\122\006\221\115\225\356\230\230\166\204\145\160\133\146\152\041\127\213\147\204\136\372}{section.2.2}% 20
\BOOKMARK [2][-]{subsection.2.2.3}{\376\377\0002\000.\0002\000.\0003\000\040\227\131\140\001\153\146\126\150\166\356\150\007\122\006\221\115\225\356\230\230\166\204\176\277\140\047\123\026\145\271\154\325}{section.2.2}% 21
\BOOKMARK [2][-]{subsection.2.2.4}{\376\377\0002\000.\0002\000.\0004\000\040\145\160\133\146\152\041\127\213\127\050\131\032\117\134\142\030\211\201\175\040\127\072\146\157\116\013\166\204\143\250\136\177}{section.2.2}% 22
\BOOKMARK [1][-]{section.2.3}{\376\377\0002\000.\0003\000\040\153\146\126\150\166\356\150\007\122\006\221\115\225\356\230\230\166\204\131\026\220\074\217\321\154\102\211\343\145\271\154\325}{chapter.2}% 23
\BOOKMARK [2][-]{subsection.2.3.1}{\376\377\0002\000.\0003\000.\0001\000\040\153\146\126\150\166\356\150\007\122\006\221\115\225\356\230\230\166\204\116\044\171\315\121\370\117\030\123\026\136\372\152\041\145\271\137\017}{section.2.3}% 24
\BOOKMARK [2][-]{subsection.2.3.2}{\376\377\0002\000.\0003\000.\0002\000\040\127\372\116\216\122\006\145\057\133\232\165\114\150\106\147\266\166\204\131\026\220\074\217\321\145\271\154\325}{section.2.3}% 25
\BOOKMARK [1][-]{section.2.4}{\376\377\0002\000.\0004\000\040\145\160\120\074\176\323\147\234}{chapter.2}% 26
\BOOKMARK [0][-]{chapter.3}{\376\377\173\054\0003\172\340\000\040\000\040\127\372\116\216\122\027\165\037\142\020\166\204\131\015\147\102\227\131\140\001\153\146\126\150\166\356\150\007\122\006\221\115\154\102\211\343\173\227\154\325}{}% 27
\BOOKMARK [1][-]{section.3.1}{\376\377\0003\000.\0001\000\040\137\025\212\000}{chapter.3}% 28
\BOOKMARK [1][-]{section.3.2}{\376\377\0003\000.\0002\000\040\122\027\165\037\142\020\173\227\154\325}{chapter.3}% 29
\BOOKMARK [2][-]{subsection.3.2.1}{\376\377\0003\000.\0002\000.\0001\000\040\131\015\147\102\166\204\153\146\126\150\166\356\150\007\122\006\221\115\225\356\230\230\145\160\133\146\152\041\127\213\123\312\176\277\140\047\123\026}{section.3.2}% 30
\BOOKMARK [2][-]{subsection.3.2.2}{\376\377\0003\000.\0002\000.\0002\000\040\116\000\116\052\117\213\133\120}{section.3.2}% 31
\BOOKMARK [2][-]{subsection.3.2.3}{\376\377\0003\000.\0002\000.\0003\000\040\176\277\140\047\123\026\124\016\166\204\153\146\126\150\166\356\150\007\122\006\221\115\225\356\230\230\166\204\122\027\165\037\142\020\137\142\137\017}{section.3.2}% 32
\BOOKMARK [1][-]{section.3.3}{\376\377\0003\000.\0003\000\040\133\120\225\356\230\230\166\204\154\102\211\343}{chapter.3}% 33
\BOOKMARK [2][-]{subsection.3.3.1}{\376\377\0003\000.\0003\000.\0001\000\040\133\120\225\356\230\230\166\204\116\044\171\315\131\026\220\074\217\321\136\372\152\041\145\271\154\325}{section.3.3}% 34
\BOOKMARK [2][-]{subsection.3.3.2}{\376\377\0003\000.\0003\000.\0002\000\040\133\120\225\356\230\230\166\204\154\102\211\343}{section.3.3}% 35
\BOOKMARK [1][-]{section.3.4}{\376\377\0003\000.\0004\000\040\122\240\220\037\142\200\135\347}{chapter.3}% 36
\BOOKMARK [2][-]{subsection.3.4.1}{\376\377\0003\000.\0004\000.\0001\000\040\147\011\145\110\116\015\173\111\137\017}{section.3.4}% 37
\BOOKMARK [2][-]{subsection.3.4.2}{\376\377\0003\000.\0004\000.\0002\000\040\220\011\142\351\227\136\147\000\117\030\166\204\133\120\225\356\230\230\176\323\147\234}{section.3.4}% 38
\BOOKMARK [1][-]{section.3.5}{\376\377\0003\000.\0005\000\040\145\160\120\074\133\236\232\214}{chapter.3}% 39
\BOOKMARK [0][-]{chapter.4}{\376\377\173\054\0004\172\340\000\040\000\040\127\372\116\216\122\027\165\037\142\020\166\204\122\250\140\001\153\146\126\150\166\356\150\007\122\006\221\115\225\356\230\230\170\024\172\166}{}% 40
\BOOKMARK [1][-]{section.4.1}{\376\377\0004\000.\0001\000\040\122\250\140\001\153\146\126\150\166\356\150\007\122\006\221\115\225\356\230\230\166\204\145\160\133\146\136\372\152\041}{chapter.4}% 41
\BOOKMARK [2][-]{subsection.4.1.1}{\376\377\0004\000.\0001\000.\0001\000\040\122\250\140\001\153\146\126\150\166\356\150\007\122\006\221\115\225\356\230\230\166\204\127\072\146\157\143\317\217\360\116\016\145\160\133\146\136\372\152\041}{section.4.1}% 42
\BOOKMARK [2][-]{subsection.4.1.2}{\376\377\0004\000.\0001\000.\0002\000\040\122\250\140\001\153\146\126\150\166\356\150\007\122\006\221\115\225\356\230\230\166\204\145\160\133\146\152\041\127\213}{section.4.1}% 43
\BOOKMARK [1][-]{section.4.2}{\376\377\0004\000.\0002\000\040\127\372\116\216\122\027\165\037\142\020\166\204\154\102\211\343\145\271\154\325}{chapter.4}% 44
\BOOKMARK [2][-]{subsection.4.2.1}{\376\377\0004\000.\0002\000.\0001\000\040\122\027\165\037\142\020\150\106\147\266}{section.4.2}% 45
\BOOKMARK [2][-]{subsection.4.2.2}{\376\377\0004\000.\0002\000.\0002\000\040\133\120\225\356\230\230\154\102\211\343\142\200\135\347}{section.4.2}% 46
\BOOKMARK [1][-]{section.4.3}{\376\377\0004\000.\0003\000\040\145\160\120\074\133\236\232\214}{chapter.4}% 47
\BOOKMARK [0][-]{chapter.5}{\376\377\173\054\0005\172\340\000\040\000\040\140\073\176\323\116\016\134\125\147\033}{}% 48
\BOOKMARK [0][-]{appendix.A}{\376\377\226\104\137\125\000\040\000A\000\040\000\040\116\055\126\375\171\321\133\146\226\142\131\047\133\146\133\146\117\115\213\272\145\207\144\260\121\231\211\201\154\102}{}% 49
\BOOKMARK [0][-]{section*.78}{\376\377\123\302\200\003\145\207\163\056}{}% 50
\BOOKMARK [0][-]{appendix*.80}{\376\377\201\364\214\042}{}% 51
